# JRE version: OpenJDK Runtime Environment (8.0_242-b01) (build 1.8.0_242-release-1644-b01)
# Java VM: OpenJDK 64-Bit Server VM (25.242-b01 mixed mode windows-amd64 compressed oops)
Heap:
 PSYoungGen      total 492032K, used 93479K [0x00000000d5580000, 0x00000000fa600000, 0x0000000100000000)
  eden space 429056K, 7% used [0x00000000d5580000,0x00000000d734a6d8,0x00000000ef880000)
  from space 62976K, 99% used [0x00000000f4700000,0x00000000f847f920,0x00000000f8480000)
  to   space 80384K, 0% used [0x00000000ef880000,0x00000000ef880000,0x00000000f4700000)
 ParOldGen       total 186880K, used 142175K [0x0000000080000000, 0x000000008b680000, 0x00000000d5580000)
  object space 186880K, 76% used [0x0000000080000000,0x0000000088ad7d78,0x000000008b680000)
 Metaspace       used 115067K, capacity 121566K, committed 121932K, reserved 1155072K
  class space    used 15142K, capacity 16384K, committed 16512K, reserved 1048576K
GC Heap History (10 events):
Event: 2352.945 GC heap before
{Heap before GC invocations=22 (full 4):
 PSYoungGen      total 301568K, used 268288K [0x00000000d5580000, 0x00000000eea00000, 0x0000000100000000)
  eden space 268288K, 100% used [0x00000000d5580000,0x00000000e5b80000,0x00000000e5b80000)
  from space 33280K, 0% used [0x00000000e5b80000,0x00000000e5b80000,0x00000000e7c00000)
  to   space 44032K, 0% used [0x00000000ebf00000,0x00000000ebf00000,0x00000000eea00000)
 ParOldGen       total 186880K, used 56980K [0x0000000080000000, 0x000000008b680000, 0x00000000d5580000)
  object space 186880K, 30% used [0x0000000080000000,0x00000000837a52c8,0x000000008b680000)
 Metaspace       used 96882K, capacity 101002K, committed 103628K, reserved 1138688K
  class space    used 12670K, capacity 13503K, committed 14080K, reserved 1048576K
Event: 2353.032 GC heap after
Heap after GC invocations=22 (full 4):
 PSYoungGen      total 367104K, used 12848K [0x00000000d5580000, 0x00000000ee700000, 0x0000000100000000)
  eden space 326144K, 0% used [0x00000000d5580000,0x00000000d5580000,0x00000000e9400000)
  from space 40960K, 31% used [0x00000000ebf00000,0x00000000ecb8c348,0x00000000ee700000)
  to   space 42496K, 0% used [0x00000000e9400000,0x00000000e9400000,0x00000000ebd80000)
 ParOldGen       total 186880K, used 56988K [0x0000000080000000, 0x000000008b680000, 0x00000000d5580000)
  object space 186880K, 30% used [0x0000000080000000,0x00000000837a72c8,0x000000008b680000)
 Metaspace       used 96882K, capacity 101002K, committed 103628K, reserved 1138688K
  class space    used 12670K, capacity 13503K, committed 14080K, reserved 1048576K
}
Event: 2390.578 GC heap before
{Heap before GC invocations=23 (full 4):
 PSYoungGen      total 367104K, used 338803K [0x00000000d5580000, 0x00000000ee700000, 0x0000000100000000)
  eden space 326144K, 99% used [0x00000000d5580000,0x00000000e93d0b48,0x00000000e9400000)
  from space 40960K, 31% used [0x00000000ebf00000,0x00000000ecb8c348,0x00000000ee700000)
  to   space 42496K, 0% used [0x00000000e9400000,0x00000000e9400000,0x00000000ebd80000)
 ParOldGen       total 186880K, used 56988K [0x0000000080000000, 0x000000008b680000, 0x00000000d5580000)
  object space 186880K, 30% used [0x0000000080000000,0x00000000837a72c8,0x000000008b680000)
 Metaspace       used 98750K, capacity 103106K, committed 105036K, reserved 1140736K
  class space    used 12895K, capacity 13789K, committed 14208K, reserved 1048576K
Event: 2390.738 GC heap after
Heap after GC invocations=23 (full 4):
 PSYoungGen      total 368640K, used 30374K [0x00000000d5580000, 0x00000000f2880000, 0x0000000100000000)
  eden space 326144K, 0% used [0x00000000d5580000,0x00000000d5580000,0x00000000e9400000)
  from space 42496K, 71% used [0x00000000e9400000,0x00000000eb1a9828,0x00000000ebd80000)
  to   space 44544K, 0% used [0x00000000efd00000,0x00000000efd00000,0x00000000f2880000)
 ParOldGen       total 186880K, used 66832K [0x0000000080000000, 0x000000008b680000, 0x00000000d5580000)
  object space 186880K, 35% used [0x0000000080000000,0x0000000084144288,0x000000008b680000)
 Metaspace       used 98750K, capacity 103106K, committed 105036K, reserved 1140736K
  class space    used 12895K, capacity 13789K, committed 14208K, reserved 1048576K
}
Event: 2394.543 GC heap before
{Heap before GC invocations=24 (full 4):
 PSYoungGen      total 368640K, used 356518K [0x00000000d5580000, 0x00000000f2880000, 0x0000000100000000)
  eden space 326144K, 100% used [0x00000000d5580000,0x00000000e9400000,0x00000000e9400000)
  from space 42496K, 71% used [0x00000000e9400000,0x00000000eb1a9828,0x00000000ebd80000)
  to   space 44544K, 0% used [0x00000000efd00000,0x00000000efd00000,0x00000000f2880000)
 ParOldGen       total 186880K, used 66832K [0x0000000080000000, 0x000000008b680000, 0x00000000d5580000)
  object space 186880K, 35% used [0x0000000080000000,0x0000000084144288,0x000000008b680000)
 Metaspace       used 103440K, capacity 108418K, committed 109388K, reserved 1144832K
  class space    used 13576K, capacity 14551K, committed 14720K, reserved 1048576K
Event: 2394.726 GC heap after
Heap after GC invocations=24 (full 4):
 PSYoungGen      total 413184K, used 44542K [0x00000000d5580000, 0x00000000f5a80000, 0x0000000100000000)
  eden space 368640K, 0% used [0x00000000d5580000,0x00000000d5580000,0x00000000ebd80000)
  from space 44544K, 99% used [0x00000000efd00000,0x00000000f287f940,0x00000000f2880000)
  to   space 65024K, 0% used [0x00000000ebd80000,0x00000000ebd80000,0x00000000efd00000)
 ParOldGen       total 186880K, used 102685K [0x0000000080000000, 0x000000008b680000, 0x00000000d5580000)
  object space 186880K, 54% used [0x0000000080000000,0x00000000864476e0,0x000000008b680000)
 Metaspace       used 103440K, capacity 108418K, committed 109388K, reserved 1144832K
  class space    used 13576K, capacity 14551K, committed 14720K, reserved 1048576K
}
Event: 2417.039 GC heap before
{Heap before GC invocations=25 (full 4):
 PSYoungGen      total 413184K, used 413182K [0x00000000d5580000, 0x00000000f5a80000, 0x0000000100000000)
  eden space 368640K, 100% used [0x00000000d5580000,0x00000000ebd80000,0x00000000ebd80000)
  from space 44544K, 99% used [0x00000000efd00000,0x00000000f287f940,0x00000000f2880000)
  to   space 65024K, 0% used [0x00000000ebd80000,0x00000000ebd80000,0x00000000efd00000)
 ParOldGen       total 186880K, used 102685K [0x0000000080000000, 0x000000008b680000, 0x00000000d5580000)
  object space 186880K, 54% used [0x0000000080000000,0x00000000864476e0,0x000000008b680000)
 Metaspace       used 110754K, capacity 116254K, committed 116556K, reserved 1150976K
  class space    used 14572K, capacity 15652K, committed 15744K, reserved 1048576K
Event: 2417.294 GC heap after
Heap after GC invocations=25 (full 4):
 PSYoungGen      total 433664K, used 14328K [0x00000000d5580000, 0x00000000f8480000, 0x0000000100000000)
  eden space 368640K, 0% used [0x00000000d5580000,0x00000000d5580000,0x00000000ebd80000)
  from space 65024K, 22% used [0x00000000ebd80000,0x00000000ecb7e038,0x00000000efd00000)
  to   space 62976K, 0% used [0x00000000f4700000,0x00000000f4700000,0x00000000f8480000)
 ParOldGen       total 186880K, used 123222K [0x0000000080000000, 0x000000008b680000, 0x00000000d5580000)
  object space 186880K, 65% used [0x0000000080000000,0x0000000087855b08,0x000000008b680000)
 Metaspace       used 110754K, capacity 116254K, committed 116556K, reserved 1150976K
  class space    used 14572K, capacity 15652K, committed 15744K, reserved 1048576K
}
Event: 2423.163 GC heap before
{Heap before GC invocations=26 (full 4):
 PSYoungGen      total 433664K, used 382968K [0x00000000d5580000, 0x00000000f8480000, 0x0000000100000000)
  eden space 368640K, 100% used [0x00000000d5580000,0x00000000ebd80000,0x00000000ebd80000)
  from space 65024K, 22% used [0x00000000ebd80000,0x00000000ecb7e038,0x00000000efd00000)
  to   space 62976K, 0% used [0x00000000f4700000,0x00000000f4700000,0x00000000f8480000)
 ParOldGen       total 186880K, used 123222K [0x0000000080000000, 0x000000008b680000, 0x00000000d5580000)
  object space 186880K, 65% used [0x0000000080000000,0x0000000087855b08,0x000000008b680000)
 Metaspace       used 114781K, capacity 121184K, committed 121292K, reserved 1155072K
  class space    used 15111K, capacity 16333K, committed 16384K, reserved 1048576K
Event: 2423.286 GC heap after
Heap after GC invocations=26 (full 4):
 PSYoungGen      total 492032K, used 62974K [0x00000000d5580000, 0x00000000fa600000, 0x0000000100000000)
  eden space 429056K, 0% used [0x00000000d5580000,0x00000000d5580000,0x00000000ef880000)
  from space 62976K, 99% used [0x00000000f4700000,0x00000000f847f920,0x00000000f8480000)
  to   space 80384K, 0% used [0x00000000ef880000,0x00000000ef880000,0x00000000f4700000)
 ParOldGen       total 186880K, used 142175K [0x0000000080000000, 0x000000008b680000, 0x00000000d5580000)
  object space 186880K, 76% used [0x0000000080000000,0x0000000088ad7d78,0x000000008b680000)
 Metaspace       used 114781K, capacity 121184K, committed 121292K, reserved 1155072K
  class space    used 15111K, capacity 16333K, committed 16384K, reserved 1048576K
}

